=== 2026-06-23T01:07:23+09:00 ===
pwd: /Users/adachi/src/260618_aws-blocks/hands-on-walkthrough
node: v22.22.3
npm: 10.9.8
git HEAD: 3fbe57c6f3dfe25e5881976f8da65fa6c3b71343
command: npm install
---
npm warn ERESOLVE overriding peer dependency
npm warn While resolving: @aws-amplify/plugin-types@1.10.1
npm warn Found: @aws-sdk/types@3.821.0
npm warn node_modules/@aws-amplify/data-construct/node_modules/@aws-amplify/ai-constructs/node_modules/@aws-amplify/plugin-types/node_modules/@aws-sdk/types
npm warn
npm warn Could not resolve dependency:
npm warn peer @aws-sdk/types@"^3.734.0" from @aws-amplify/plugin-types@1.10.1
npm warn node_modules/@aws-amplify/data-construct/node_modules/@aws-amplify/ai-constructs/node_modules/@aws-amplify/plugin-types
npm warn   @aws-amplify/plugin-types@"^1.10.1" from @aws-amplify/ai-constructs@1.5.3
npm warn   node_modules/@aws-amplify/data-construct/node_modules/@aws-amplify/ai-constructs
npm warn ERESOLVE overriding peer dependency
npm warn While resolving: @aws-amplify/plugin-types@1.10.1
npm warn Found: @aws-sdk/types@3.821.0
npm warn node_modules/@aws-amplify/graphql-api-construct/node_modules/@aws-amplify/ai-constructs/node_modules/@aws-amplify/plugin-types/node_modules/@aws-sdk/types
npm warn
npm warn Could not resolve dependency:
npm warn peer @aws-sdk/types@"^3.734.0" from @aws-amplify/plugin-types@1.10.1
npm warn node_modules/@aws-amplify/graphql-api-construct/node_modules/@aws-amplify/ai-constructs/node_modules/@aws-amplify/plugin-types
npm warn   @aws-amplify/plugin-types@"^1.10.1" from @aws-amplify/ai-constructs@1.5.3
npm warn   node_modules/@aws-amplify/graphql-api-construct/node_modules/@aws-amplify/ai-constructs
npm warn deprecated rimraf@3.0.2: Rimraf versions prior to v4 are no longer supported
npm warn deprecated node-domexception@1.0.0: Use your platform's native DOMException instead
npm warn deprecated inflight@1.0.6: This module is not supported, and leaks memory. Do not use it. Check out lru-cache if you want a good and tested way to coalesce async requests by a key value, which is much more comprehensive and powerful.
npm warn deprecated @babel/plugin-proposal-object-rest-spread@7.20.7: This proposal has been merged to the ECMAScript standard and thus this plugin is no longer maintained. Please use @babel/plugin-transform-object-rest-spread instead.
npm warn deprecated @babel/plugin-proposal-class-properties@7.18.6: This proposal has been merged to the ECMAScript standard and thus this plugin is no longer maintained. Please use @babel/plugin-transform-class-properties instead.
npm warn deprecated glob@7.2.3: Glob versions prior to v9 are no longer supported
npm warn deprecated core-js@2.6.12: core-js@<3.23.3 is no longer maintained and not recommended for usage due to the number of issues. Because of the V8 engine whims, feature detection in old core-js versions could cause a slowdown up to 100x even if nothing is polyfilled. Some versions have web compatibility issues. Please, upgrade your dependencies to the actual version of core-js.
npm warn deprecated glob@7.2.3: Glob versions prior to v9 are no longer supported

added 1697 packages, and audited 2555 packages in 3m

227 packages are looking for funding
  run `npm fund` for details

106 vulnerabilities (6 low, 69 moderate, 28 high, 3 critical)

To address issues that do not require attention, run:
  npm audit fix

To address all issues possible (including breaking changes), run:
  npm audit fix --force

Some issues need review, and may require choosing
a different dependency.

Run `npm audit` for details.
npm notice
npm notice New major version of npm available! 10.9.8 -> 11.17.0
npm notice Changelog: https://github.com/npm/cli/releases/tag/v11.17.0
npm notice To update run: npm install -g npm@11.17.0
npm notice
